# JRE version: Java(TM) SE Runtime Environment 18.9 (11.0.8+10) (build 11.0.8+10-LTS)
# Java VM: Java HotSpot(TM) 64-Bit Server VM 18.9 (11.0.8+10-LTS, mixed mode, tiered, compressed oops, g1 gc, windows-amd64)
Heap:
 garbage-first heap   total 57344K, used 16678K [0x00000000c8c00000, 0x0000000100000000)
  region size 1024K, 9 young (9216K), 3 survivors (3072K)
 Metaspace       used 28113K, capacity 28854K, committed 29056K, reserved 1075200K
  class space    used 3148K, capacity 3456K, committed 3456K, reserved 1048576K
GC Heap History (10 events):
Event: 2.134 GC heap before
{Heap before GC invocations=2 (full 0):
 garbage-first heap   total 57344K, used 16765K [0x00000000c8c00000, 0x0000000100000000)
  region size 1024K, 12 young (12288K), 1 survivors (1024K)
 Metaspace       used 11396K, capacity 11618K, committed 11776K, reserved 1060864K
  class space    used 1120K, capacity 1197K, committed 1280K, reserved 1048576K
}
Event: 2.138 GC heap after
{Heap after GC invocations=3 (full 0):
 garbage-first heap   total 57344K, used 7175K [0x00000000c8c00000, 0x0000000100000000)
  region size 1024K, 2 young (2048K), 2 survivors (2048K)
 Metaspace       used 11396K, capacity 11618K, committed 11776K, reserved 1060864K
  class space    used 1120K, capacity 1197K, committed 1280K, reserved 1048576K
}
Event: 4.293 GC heap before
{Heap before GC invocations=3 (full 0):
 garbage-first heap   total 57344K, used 33799K [0x00000000c8c00000, 0x0000000100000000)
  region size 1024K, 28 young (28672K), 2 survivors (2048K)
 Metaspace       used 18176K, capacity 18660K, committed 18816K, reserved 1067008K
  class space    used 1961K, capacity 2155K, committed 2176K, reserved 1048576K
}
Event: 4.300 GC heap after
{Heap after GC invocations=4 (full 0):
 garbage-first heap   total 57344K, used 8919K [0x00000000c8c00000, 0x0000000100000000)
  region size 1024K, 4 young (4096K), 4 survivors (4096K)
 Metaspace       used 18176K, capacity 18660K, committed 18816K, reserved 1067008K
  class space    used 1961K, capacity 2155K, committed 2176K, reserved 1048576K
}
Event: 5.506 GC heap before
{Heap before GC invocations=4 (full 0):
 garbage-first heap   total 57344K, used 23255K [0x00000000c8c00000, 0x0000000100000000)
  region size 1024K, 19 young (19456K), 4 survivors (4096K)
 Metaspace       used 20711K, capacity 21209K, committed 21296K, reserved 1069056K
  class space    used 2231K, capacity 2429K, committed 2432K, reserved 1048576K
}
Event: 5.513 GC heap after
{Heap after GC invocations=5 (full 0):
 garbage-first heap   total 57344K, used 9373K [0x00000000c8c00000, 0x0000000100000000)
  region size 1024K, 3 young (3072K), 3 survivors (3072K)
 Metaspace       used 20711K, capacity 21209K, committed 21296K, reserved 1069056K
  class space    used 2231K, capacity 2429K, committed 2432K, reserved 1048576K
}
Event: 7.051 GC heap before
{Heap before GC invocations=6 (full 0):
 garbage-first heap   total 57344K, used 35997K [0x00000000c8c00000, 0x0000000100000000)
  region size 1024K, 29 young (29696K), 3 survivors (3072K)
 Metaspace       used 24639K, capacity 25198K, committed 25344K, reserved 1071104K
  class space    used 2756K, capacity 2992K, committed 3072K, reserved 1048576K
}
Event: 7.057 GC heap after
{Heap after GC invocations=7 (full 0):
 garbage-first heap   total 57344K, used 10119K [0x00000000c8c00000, 0x0000000100000000)
  region size 1024K, 3 young (3072K), 3 survivors (3072K)
 Metaspace       used 24639K, capacity 25198K, committed 25344K, reserved 1071104K
  class space    used 2756K, capacity 2992K, committed 3072K, reserved 1048576K
}
Event: 8.865 GC heap before
{Heap before GC invocations=7 (full 0):
 garbage-first heap   total 57344K, used 37767K [0x00000000c8c00000, 0x0000000100000000)
  region size 1024K, 31 young (31744K), 3 survivors (3072K)
 Metaspace       used 27426K, capacity 28183K, committed 28288K, reserved 1075200K
  class space    used 3070K, capacity 3383K, committed 3456K, reserved 1048576K
}
Event: 8.874 GC heap after
{Heap after GC invocations=8 (full 0):
 garbage-first heap   total 57344K, used 11558K [0x00000000c8c00000, 0x0000000100000000)
  region size 1024K, 3 young (3072K), 3 survivors (3072K)
 Metaspace       used 27426K, capacity 28183K, committed 28288K, reserved 1075200K
  class space    used 3070K, capacity 3383K, committed 3456K, reserved 1048576K
}

